2024.08.06 11:20:58 INFO  Started: Metals version 1.3.5 in folders 'C:\Users\lisit\OneDrive\Desktop\sem1\Scala\SCS2204-Functional-Programming\lab_sub_7' for client Visual Studio Code 1.92.0.
SLF4J(W): Class path contains multiple SLF4J providers.
SLF4J(W): Found provider [scribe.slf4j.ScribeServiceProvider@66e58aba]
SLF4J(W): Found provider [ch.qos.logback.classic.spi.LogbackServiceProvider@401b842]
SLF4J(W): See https://www.slf4j.org/codes.html#multiple_bindings for an explanation.
SLF4J(I): Actual provider is of type [scribe.slf4j.ScribeServiceProvider@66e58aba]
2024.08.06 11:20:58 WARN  Flyway upgrade recommended: H2 2.3.230 is newer than this version of Flyway and support has not been tested. The latest supported version of H2 is 2.2.220.
2024.08.06 11:21:02 INFO  no build target found for C:\Users\lisit\OneDrive\Desktop\sem1\Scala\SCS2204-Functional-Programming\lab_sub_7\q3.scala. Using presentation compiler with project's scala-library version: 3.3.3
2024.08.06 11:21:17 INFO  Running List(C:\Users\lisit\AppData\Local\Coursier\data\bin\scala-cli.BAT, setup-ide, C:\Users\lisit\OneDrive\Desktop\sem1\Scala\SCS2204-Functional-Programming\lab_sub_7)
2024.08.06 11:21:17 INFO  Attempting to connect to the build server...
2024.08.06 11:21:17 INFO  Running BSP server List(C:\Users\lisit\AppData\Local\Coursier\data\bin\.scala-cli.aux.exe, bsp, --json-options, C:\Users\lisit\OneDrive\Desktop\sem1\Scala\SCS2204-Functional-Programming\lab_sub_7\.scala-build\ide-options-v2.json, --json-launcher-options, C:\Users\lisit\OneDrive\Desktop\sem1\Scala\SCS2204-Functional-Programming\lab_sub_7\.scala-build\ide-launcher-options.json, --envs-file, C:\Users\lisit\OneDrive\Desktop\sem1\Scala\SCS2204-Functional-Programming\lab_sub_7\.scala-build\ide-envs.json, C:\Users\lisit\OneDrive\Desktop\sem1\Scala\SCS2204-Functional-Programming\lab_sub_7)
2024.08.06 11:21:18 INFO  tracing is disabled for protocol BSP, to enable tracing of incoming and outgoing JSON messages create an empty file at C:\Users\lisit\OneDrive\Desktop\sem1\Scala\SCS2204-Functional-Programming\lab_sub_7\.metals\bsp.trace.json or C:\Users\lisit\AppData\Local\scalameta\metals\cache\bsp.trace.json
2024.08.06 11:21:21 INFO  BSP server: Starting compilation server
2024.08.06 11:21:34 INFO  time: Connected to build server in 15s
2024.08.06 11:21:34 INFO  Connected to Build server: scala-cli v1.4.1
2024.08.06 11:21:34 INFO  time: Imported build in 0.52s
2024.08.06 11:21:34 INFO  running doctor check
2024.08.06 11:21:34 INFO  java targets: lab_sub_7_ff3ffe18cb, lab_sub_7_ff3ffe18cb-test
2024.08.06 11:21:36 INFO  compiling lab_sub_7_ff3ffe18cb (3 scala sources)
2024.08.06 11:21:40 WARN  Flyway upgrade recommended: H2 2.3.230 is newer than this version of Flyway and support has not been tested. The latest supported version of H2 is 2.2.220.
2024.08.06 11:21:42 INFO  time: indexed workspace in 8s
2024.08.06 11:21:45 INFO  time: compiled lab_sub_7_ff3ffe18cb in 9.12s
2024.08.06 11:26:45 INFO  compiling lab_sub_7_ff3ffe18cb (1 scala source)
Aug 06, 2024 11:26:46 AM org.eclipse.lsp4j.jsonrpc.RemoteEndpoint handleCancellation
WARNING: Unmatched cancel notification for request id 66
2024.08.06 11:26:46 INFO  time: compiled lab_sub_7_ff3ffe18cb in 1.43s
2024.08.06 11:26:51 INFO  compiling lab_sub_7_ff3ffe18cb (1 scala source)
2024.08.06 11:26:52 INFO  time: compiled lab_sub_7_ff3ffe18cb in 1.17s
Aug 06, 2024 11:27:26 AM org.eclipse.lsp4j.jsonrpc.RemoteEndpoint handleCancellation
WARNING: Unmatched cancel notification for request id 110
2024.08.06 11:27:53 INFO  compiling lab_sub_7_ff3ffe18cb (1 scala source)
2024.08.06 11:27:54 INFO  time: compiled lab_sub_7_ff3ffe18cb in 1.05s
Aug 06, 2024 11:27:54 AM org.eclipse.lsp4j.jsonrpc.RemoteEndpoint handleCancellation
WARNING: Unmatched cancel notification for request id 128
2024.08.06 11:27:59 INFO  compiling lab_sub_7_ff3ffe18cb (1 scala source)
2024.08.06 11:28:00 INFO  time: compiled lab_sub_7_ff3ffe18cb in 1.01s
2024.08.06 11:28:10 INFO  compiling lab_sub_7_ff3ffe18cb (1 scala source)
2024.08.06 11:28:10 INFO  time: compiled lab_sub_7_ff3ffe18cb in 0.77s
Aug 06, 2024 11:28:24 AM org.eclipse.lsp4j.jsonrpc.RemoteEndpoint handleCancellation
WARNING: Unmatched cancel notification for request id 198
Aug 06, 2024 11:29:19 AM org.eclipse.lsp4j.jsonrpc.RemoteEndpoint handleCancellation
WARNING: Unmatched cancel notification for request id 223
Aug 06, 2024 11:33:41 AM org.eclipse.lsp4j.jsonrpc.RemoteEndpoint handleCancellation
WARNING: Unmatched cancel notification for request id 254
2024.08.06 11:33:45 INFO  compiling lab_sub_7_ff3ffe18cb (1 scala source)
2024.08.06 11:33:45 INFO  time: compiled lab_sub_7_ff3ffe18cb in 0.8s
2024.08.06 11:33:53 INFO  compiling lab_sub_7_ff3ffe18cb (1 scala source)
2024.08.06 11:33:53 INFO  time: compiled lab_sub_7_ff3ffe18cb in 0.78s
Aug 06, 2024 11:34:21 AM org.eclipse.lsp4j.jsonrpc.RemoteEndpoint handleCancellation
WARNING: Unmatched cancel notification for request id 334
2024.08.06 11:36:17 INFO  compiling lab_sub_7_ff3ffe18cb (1 scala source)
2024.08.06 11:36:18 INFO  time: compiled lab_sub_7_ff3ffe18cb in 1.85s
Aug 06, 2024 11:36:23 AM org.eclipse.lsp4j.jsonrpc.RemoteEndpoint handleCancellation
WARNING: Unmatched cancel notification for request id 397
2024.08.06 11:36:30 INFO  compiling lab_sub_7_ff3ffe18cb (1 scala source)
2024.08.06 11:36:30 INFO  time: compiled lab_sub_7_ff3ffe18cb in 0.38s
2024.08.06 11:36:33 INFO  compiling lab_sub_7_ff3ffe18cb (1 scala source)
2024.08.06 11:36:33 INFO  time: compiled lab_sub_7_ff3ffe18cb in 0.8s
2024.08.06 11:37:00 INFO  compiling lab_sub_7_ff3ffe18cb (1 scala source)
2024.08.06 11:37:00 INFO  time: compiled lab_sub_7_ff3ffe18cb in 0.7s
2024.08.06 11:37:09 INFO  Shutting down server
2024.08.06 11:37:09 INFO  shutting down Metals
2024.08.06 11:37:09 INFO  Shut down connection with build server.
2024.08.06 11:37:09 INFO  Exiting server
2024.08.06 11:39:08 INFO  Started: Metals version 1.3.5 in folders 'C:\Users\lisit\OneDrive\Desktop\sem1\Scala\SCS2204-Functional-Programming\lab_sub_7' for client Visual Studio Code 1.92.0.
SLF4J(W): Class path contains multiple SLF4J providers.
SLF4J(W): Found provider [scribe.slf4j.ScribeServiceProvider@6f23c091]
SLF4J(W): Found provider [ch.qos.logback.classic.spi.LogbackServiceProvider@4b72b152]
SLF4J(W): See https://www.slf4j.org/codes.html#multiple_bindings for an explanation.
SLF4J(I): Actual provider is of type [scribe.slf4j.ScribeServiceProvider@6f23c091]
2024.08.06 11:39:08 WARN  Flyway upgrade recommended: H2 2.3.230 is newer than this version of Flyway and support has not been tested. The latest supported version of H2 is 2.2.220.
2024.08.06 11:39:09 INFO  no build target found for C:\Users\lisit\OneDrive\Desktop\sem1\Scala\SCS2204-Functional-Programming\lab_sub_7\q3.scala. Using presentation compiler with project's scala-library version: 3.3.3
2024.08.06 11:39:10 INFO  Attempting to connect to the build server...
2024.08.06 11:39:10 INFO  Running BSP server List(C:\Users\lisit\AppData\Local\Coursier\data\bin\.scala-cli.aux.exe, bsp, --json-options, C:\Users\lisit\OneDrive\Desktop\sem1\Scala\SCS2204-Functional-Programming\lab_sub_7\.scala-build\ide-options-v2.json, --json-launcher-options, C:\Users\lisit\OneDrive\Desktop\sem1\Scala\SCS2204-Functional-Programming\lab_sub_7\.scala-build\ide-launcher-options.json, --envs-file, C:\Users\lisit\OneDrive\Desktop\sem1\Scala\SCS2204-Functional-Programming\lab_sub_7\.scala-build\ide-envs.json, C:\Users\lisit\OneDrive\Desktop\sem1\Scala\SCS2204-Functional-Programming\lab_sub_7)
2024.08.06 11:39:10 INFO  tracing is disabled for protocol BSP, to enable tracing of incoming and outgoing JSON messages create an empty file at C:\Users\lisit\OneDrive\Desktop\sem1\Scala\SCS2204-Functional-Programming\lab_sub_7\.metals\bsp.trace.json or C:\Users\lisit\AppData\Local\scalameta\metals\cache\bsp.trace.json
2024.08.06 11:39:12 INFO  no build target found for C:\Users\lisit\OneDrive\Desktop\sem1\Scala\SCS2204-Functional-Programming\lab_sub_7\q3.scala. Using presentation compiler with project's scala-library version: 3.3.3
2024.08.06 11:39:13 INFO  time: Connected to build server in 3.55s
2024.08.06 11:39:13 INFO  Connected to Build server: scala-cli v1.4.1
2024.08.06 11:39:13 INFO  running doctor check
2024.08.06 11:39:13 INFO  java targets: lab_sub_7_ff3ffe18cb, lab_sub_7_ff3ffe18cb-test
2024.08.06 11:39:15 WARN  Flyway upgrade recommended: H2 2.3.230 is newer than this version of Flyway and support has not been tested. The latest supported version of H2 is 2.2.220.
2024.08.06 11:39:15 INFO  time: indexed workspace in 2.46s
2024.08.06 11:39:25 INFO  compiling lab_sub_7_ff3ffe18cb (1 scala source)
2024.08.06 11:39:25 INFO  time: compiled lab_sub_7_ff3ffe18cb in 0.52s
Aug 06, 2024 11:39:47 AM org.eclipse.lsp4j.jsonrpc.services.GenericEndpoint notify
INFO: Unsupported notification method: $/setTrace
Aug 06, 2024 11:39:47 AM org.eclipse.lsp4j.jsonrpc.services.GenericEndpoint notify
INFO: Unsupported notification method: $/setTrace
2024.08.06 11:42:28 INFO  compiling lab_sub_7_ff3ffe18cb (1 scala source)
2024.08.06 11:42:28 INFO  time: compiled lab_sub_7_ff3ffe18cb in 0.61s
2024.08.06 13:24:20 INFO  Shutting down server
2024.08.06 13:24:20 INFO  shutting down Metals
2024.08.06 13:24:20 INFO  Shut down connection with build server.
2024.08.06 13:24:20 INFO  Exiting server
