2024.08.20 04:23:16 INFO  Started: Metals version 1.3.5 in folders 'C:\Users\lisit\OneDrive\Desktop\sem1\Scala\SCS2204-Functional-Programming\lab_sub_9' for client Visual Studio Code 1.92.2.
SLF4J(W): Class path contains multiple SLF4J providers.
SLF4J(W): Found provider [scribe.slf4j.ScribeServiceProvider@33aecb1b]
SLF4J(W): Found provider [ch.qos.logback.classic.spi.LogbackServiceProvider@4570ba74]
SLF4J(W): See https://www.slf4j.org/codes.html#multiple_bindings for an explanation.
SLF4J(I): Actual provider is of type [scribe.slf4j.ScribeServiceProvider@33aecb1b]
2024.08.20 04:23:16 WARN  Flyway upgrade recommended: H2 2.3.230 is newer than this version of Flyway and support has not been tested. The latest supported version of H2 is 2.2.220.
2024.08.20 04:23:18 INFO  no build target found for C:\Users\lisit\OneDrive\Desktop\sem1\Scala\SCS2204-Functional-Programming\lab_sub_9\q1.scala. Using presentation compiler with project's scala-library version: 3.3.3
2024.08.20 04:23:20 INFO  Running List(C:\Users\lisit\AppData\Local\Coursier\data\bin\scala-cli.BAT, setup-ide, C:\Users\lisit\OneDrive\Desktop\sem1\Scala\SCS2204-Functional-Programming\lab_sub_9)
2024.08.20 04:23:20 INFO  Attempting to connect to the build server...
2024.08.20 04:23:20 INFO  Running BSP server List(C:\Users\lisit\AppData\Local\Coursier\data\bin\.scala-cli.aux.exe, bsp, --json-options, C:\Users\lisit\OneDrive\Desktop\sem1\Scala\SCS2204-Functional-Programming\lab_sub_9\.scala-build\ide-options-v2.json, --json-launcher-options, C:\Users\lisit\OneDrive\Desktop\sem1\Scala\SCS2204-Functional-Programming\lab_sub_9\.scala-build\ide-launcher-options.json, --envs-file, C:\Users\lisit\OneDrive\Desktop\sem1\Scala\SCS2204-Functional-Programming\lab_sub_9\.scala-build\ide-envs.json, C:\Users\lisit\OneDrive\Desktop\sem1\Scala\SCS2204-Functional-Programming\lab_sub_9)
2024.08.20 04:23:20 INFO  tracing is disabled for protocol BSP, to enable tracing of incoming and outgoing JSON messages create an empty file at C:\Users\lisit\OneDrive\Desktop\sem1\Scala\SCS2204-Functional-Programming\lab_sub_9\.metals\bsp.trace.json or C:\Users\lisit\AppData\Local\scalameta\metals\cache\bsp.trace.json
2024.08.20 04:23:26 INFO  time: Connected to build server in 5.67s
2024.08.20 04:23:26 INFO  Connected to Build server: scala-cli v1.4.1
2024.08.20 04:23:26 INFO  running doctor check
2024.08.20 04:23:26 INFO  java targets: lab_sub_9_ff3ffe18cb, lab_sub_9_ff3ffe18cb-test
2024.08.20 04:23:26 INFO  compiling lab_sub_9_ff3ffe18cb (3 scala sources)
2024.08.20 04:23:26 INFO  time: compiled lab_sub_9_ff3ffe18cb in 0.66s
2024.08.20 04:23:29 WARN  Flyway upgrade recommended: H2 2.3.230 is newer than this version of Flyway and support has not been tested. The latest supported version of H2 is 2.2.220.
2024.08.20 04:23:31 INFO  time: indexed workspace in 4.52s
2024.08.20 04:26:13 INFO  Shutting down server
2024.08.20 04:26:13 INFO  shutting down Metals
2024.08.20 04:26:13 INFO  Shut down connection with build server.
2024.08.20 04:26:13 INFO  BSP server: Aug 20, 2024 4:26:13 AM org.eclipse.lsp4j.jsonrpc.RemoteEndpoint handleNotification
2024.08.20 04:26:13 INFO  Exiting server
